<?xml version="1.0" encoding="UTF-8" ?>
<testsuites errors="0"
            failures="2"
            tests="9">

  <testsuite name="App.test"
    errors="0" failures="2" hostname="" id="" package="App.test" skipped="0"
    tests="9" time="56.88" timestamp="">
  
    <testcase name="Onsen Button Input Toolbar Tabber Tab  must be used" classname="App.test" time="2.812" assertions="6">

    

    

    

    

    

    
    </testcase>
  
    <testcase name="On initail render login component" classname="App.test" time="2.864" assertions="7">

    

    

    

    

    

    

    
    </testcase>
  
    <testcase name="On Successfully Registered" classname="App.test" time="8.230" assertions="8">

    

    

    

    

    

    

    

    
    </testcase>
  
    <testcase name="Empty fields" classname="App.test" time="5.508" assertions="8">

    

    

    

    

    

    

    

    
    </testcase>
  
    <testcase name="Password mismatch" classname="App.test" time="7.844" assertions="6">

    

    

    

    

    

    
    </testcase>
  
    <testcase name="On Successfully Login" classname="App.test" time="12.58" assertions="5">

    

    

    

      <failure message="Timed out while waiting for element &lt;ons-alert-dialog&gt; to be removed for 5000 milliseconds. - expected &#34;not found&#34; but got: &#34;found&#34; (5268ms)">    at Object.On Successfully Login (D:\Dev\onsenlogin\tests\App.test.js:118:8)
    at processTicksAndRejections (internal/process/task_queues.js:97:5)</failure>

    
    </testcase>
  
    <testcase name="Empty login fields" classname="App.test" time="2.176" assertions="3">

    

    

    
    </testcase>
  
    <testcase name="On incorrect password" classname="App.test" time="12.44" assertions="5">

    

    

    

      <failure message="Timed out while waiting for element &lt;ons-alert-dialog&gt; to be removed for 5000 milliseconds. - expected &#34;not found&#34; but got: &#34;found&#34; (5318ms)">    at Object.On incorrect password (D:\Dev\onsenlogin\tests\App.test.js:160:8)
    at processTicksAndRejections (internal/process/task_queues.js:97:5)</failure>

    
    </testcase>
  
    <testcase name="Clear the input fields when tabber swtich" classname="App.test" time="2.431" assertions="3">

    

    

    
    </testcase>
  

  

    

  
  </testsuite>
</testsuites>
