<?xml version="1.0" encoding="UTF-8" ?>
<testsuites errors="6"
            failures="3"
            tests="9">

  <testsuite name="App.test"
    errors="6" failures="3" hostname="" id="" package="App.test" skipped="0"
    tests="9" time="57.82" timestamp="">
  
    <testcase name="Onsen Button Input Toolbar Tabber Tab  must be used" classname="App.test" time="1.668" assertions="6">

    

    

    

    

    

    
    </testcase>
  
    <testcase name="On initail render login component" classname="App.test" time="3.010" assertions="7">

    

    

    

    

    

    

    
    </testcase>
  
    <testcase name="On Successfully Registered" classname="App.test" time="7.334" assertions="8">

    

    

    

    

    

    

    

    
    </testcase>
  
    <testcase name="Empty fields" classname="App.test" time="5.409" assertions="8">

    

    

    

    

    

    

    

    
    </testcase>
  
    <testcase name="Password mismatch" classname="App.test" time="7.673" assertions="6">

    

    

    

    

    

    
    </testcase>
  
    <testcase name="On Successfully Login" classname="App.test" time="13.59" assertions="6">

    

    

    

      <failure message="Testing if element &lt;ons-alert-dialog&gt; is visible in 5000ms - expected &#34;is visible&#34; but got: &#34;not visible&#34; (5498ms)">    at Object.On Successfully Login (D:\Dev\onsenlogin\tests\App.test.js:122:15)
    at processTicksAndRejections (internal/process/task_queues.js:97:5)</failure>

      <failure message="Failed [ok]: (The expression evaluated to a falsy value:

  assertModule[propName].apply(null, this.args)
) - expected &#34;true&#34; but got: &#34;false&#34; (1ms)">
  assertModule[propName].apply(null, this.args)

    at NightwatchAPI.&lt;anonymous&gt; (D:\Dev\onsenlogin\tests\App.test.js:124:21)
    at runMicrotasks (&lt;anonymous&gt;)
    at processTicksAndRejections (internal/process/task_queues.js:97:5)</failure>

    
    <error message="Error while running &#34;ok&#34; command: Failed [ok]: (The expression evaluated to a falsy value:

  assertModule[propName].apply(null, this.args)
) - expected [0;32m&#34;true&#34;[0m but got: [0;31m&#34;false&#34;[0m [0;90m(1ms)[0m" type="error"><![CDATA[
    
  assertModule[propName].apply(null, this.args)

    at NightwatchAPI.&lt;anonymous&gt; (D:\Dev\onsenlogin\tests\App.test.js:124:21)
    at runMicrotasks (&lt;anonymous&gt;)
    at processTicksAndRejections (internal/process/task_queues.js:97:5)
    ]]></error>
    
    </testcase>
  
    <testcase name="Empty login fields" classname="App.test" time="3.342" assertions="3">

    

    

    
    </testcase>
  
    <testcase name="On incorrect password" classname="App.test" time="12.65" assertions="6">

    

    

    

      <failure message="Testing if element &lt;ons-alert-dialog&gt; is visible in 5000ms - expected &#34;is visible&#34; but got: &#34;not visible&#34; (5069ms)">    at Object.On incorrect password (D:\Dev\onsenlogin\tests\App.test.js:164:15)
    at runMicrotasks (&lt;anonymous&gt;)</failure>

    

    
    <error message="Error while running &#34;visible&#34; command: Testing if element [0;33m&lt;ons-alert-dialog&gt;[0m is visible in 5000ms - expected [0;32m&#34;is visible&#34;[0m but got: [0;31m&#34;not visible&#34;[0m [0;90m(5069ms)[0m" type="error"><![CDATA[
        at Object.On incorrect password (D:\Dev\onsenlogin\tests\App.test.js:164:15)
    at runMicrotasks (&lt;anonymous&gt;)
    ]]></error>
    
    </testcase>
  
    <testcase name="Clear the input fields when tabber swtich" classname="App.test" time="3.149" assertions="3">

    

    

    
    </testcase>
  

  
    <system-err>
        TimeoutError: An error occurred while running .setValue() command on &lt;ons-input[name=loginUserName] &gt; input:nth-of-type(1)&gt;:   (Session info: chrome=91.0.4472.106),  (Driver info: chromedriver=91.0.4472.101 (af52a90bf87030dd1523486a1cd3ae25c5d76c9b-refs/branch-heads/4472@{#1462}),platform=Windows NT 10.0.19041 x86_64); element not interactable
   {&#34;status&#34;:-1,&#34;state&#34;:&#34;&#34;,&#34;code&#34;:&#34;&#34;,&#34;value&#34;:{&#34;message&#34;:&#34;element not interactable&#34;,&#34;error&#34;:[&#34;  (Session info: chrome=91.0.4472.106)&#34;,&#34;  (Driver info: chromedriver=91.0.4472.101 (af52a90bf87030dd1523486a1cd3ae25c5d76c9b-refs/branch-heads/4472@{#1462}),platform=Windows NT 10.0.19041 x86_64)&#34;]},&#34;errorStatus&#34;:60,&#34;error&#34;:&#34;An unknown error has occurred – element not interactable&#34;,&#34;httpStatusCode&#34;:200}
       at Object.On Successfully Login (D:\Dev\onsenlogin\tests\App.test.js:119:8)
       at processTicksAndRejections (internal/process/task_queues.js:97:5)
  TimeoutError: An error occurred while running .setValue() command on &lt;ons-input[name=loginPassword] &gt; input:nth-of-type(1)&gt;:   (Session info: chrome=91.0.4472.106),  (Driver info: chromedriver=91.0.4472.101 (af52a90bf87030dd1523486a1cd3ae25c5d76c9b-refs/branch-heads/4472@{#1462}),platform=Windows NT 10.0.19041 x86_64); element not interactable
   {&#34;status&#34;:-1,&#34;state&#34;:&#34;&#34;,&#34;code&#34;:&#34;&#34;,&#34;value&#34;:{&#34;message&#34;:&#34;element not interactable&#34;,&#34;error&#34;:[&#34;  (Session info: chrome=91.0.4472.106)&#34;,&#34;  (Driver info: chromedriver=91.0.4472.101 (af52a90bf87030dd1523486a1cd3ae25c5d76c9b-refs/branch-heads/4472@{#1462}),platform=Windows NT 10.0.19041 x86_64)&#34;]},&#34;errorStatus&#34;:60,&#34;error&#34;:&#34;An unknown error has occurred – element not interactable&#34;,&#34;httpStatusCode&#34;:200}
       at Object.On Successfully Login (D:\Dev\onsenlogin\tests\App.test.js:120:8)
       at processTicksAndRejections (internal/process/task_queues.js:97:5)
  TimeoutError: An error occurred while running .click() command on &lt;#Login&gt;:   (Session info: chrome=91.0.4472.106),  (Driver info: chromedriver=91.0.4472.101 (af52a90bf87030dd1523486a1cd3ae25c5d76c9b-refs/branch-heads/4472@{#1462}),platform=Windows NT 10.0.19041 x86_64); element not interactable
   {&#34;status&#34;:-1,&#34;state&#34;:&#34;&#34;,&#34;code&#34;:&#34;&#34;,&#34;value&#34;:{&#34;message&#34;:&#34;element not interactable&#34;,&#34;error&#34;:[&#34;  (Session info: chrome=91.0.4472.106)&#34;,&#34;  (Driver info: chromedriver=91.0.4472.101 (af52a90bf87030dd1523486a1cd3ae25c5d76c9b-refs/branch-heads/4472@{#1462}),platform=Windows NT 10.0.19041 x86_64)&#34;]},&#34;errorStatus&#34;:11,&#34;error&#34;:&#34;An element command could not be completed because the element is not visible on the page. – element not interactable&#34;,&#34;httpStatusCode&#34;:200}
       at Object.On Successfully Login (D:\Dev\onsenlogin\tests\App.test.js:121:8)
       at processTicksAndRejections (internal/process/task_queues.js:97:5)
  TimeoutError: An error occurred while running .setValue() command on &lt;ons-input[name=loginUserName] &gt; input:nth-of-type(1)&gt;:   (Session info: chrome=91.0.4472.106),  (Driver info: chromedriver=91.0.4472.101 (af52a90bf87030dd1523486a1cd3ae25c5d76c9b-refs/branch-heads/4472@{#1462}),platform=Windows NT 10.0.19041 x86_64); element not interactable
   {&#34;status&#34;:-1,&#34;state&#34;:&#34;&#34;,&#34;code&#34;:&#34;&#34;,&#34;value&#34;:{&#34;message&#34;:&#34;element not interactable&#34;,&#34;error&#34;:[&#34;  (Session info: chrome=91.0.4472.106)&#34;,&#34;  (Driver info: chromedriver=91.0.4472.101 (af52a90bf87030dd1523486a1cd3ae25c5d76c9b-refs/branch-heads/4472@{#1462}),platform=Windows NT 10.0.19041 x86_64)&#34;]},&#34;errorStatus&#34;:60,&#34;error&#34;:&#34;An unknown error has occurred – element not interactable&#34;,&#34;httpStatusCode&#34;:200}
       at Object.On incorrect password (D:\Dev\onsenlogin\tests\App.test.js:161:8)
       at runMicrotasks (&lt;anonymous&gt;)
       at processTicksAndRejections (internal/process/task_queues.js:97:5)
  TimeoutError: An error occurred while running .setValue() command on &lt;ons-input[name=loginPassword] &gt; input:nth-of-type(1)&gt;:   (Session info: chrome=91.0.4472.106),  (Driver info: chromedriver=91.0.4472.101 (af52a90bf87030dd1523486a1cd3ae25c5d76c9b-refs/branch-heads/4472@{#1462}),platform=Windows NT 10.0.19041 x86_64); element not interactable
   {&#34;status&#34;:-1,&#34;state&#34;:&#34;&#34;,&#34;code&#34;:&#34;&#34;,&#34;value&#34;:{&#34;message&#34;:&#34;element not interactable&#34;,&#34;error&#34;:[&#34;  (Session info: chrome=91.0.4472.106)&#34;,&#34;  (Driver info: chromedriver=91.0.4472.101 (af52a90bf87030dd1523486a1cd3ae25c5d76c9b-refs/branch-heads/4472@{#1462}),platform=Windows NT 10.0.19041 x86_64)&#34;]},&#34;errorStatus&#34;:60,&#34;error&#34;:&#34;An unknown error has occurred – element not interactable&#34;,&#34;httpStatusCode&#34;:200}
       at Object.On incorrect password (D:\Dev\onsenlogin\tests\App.test.js:162:8)
       at runMicrotasks (&lt;anonymous&gt;)
       at processTicksAndRejections (internal/process/task_queues.js:97:5)
  TimeoutError: An error occurred while running .click() command on &lt;#Login&gt;:   (Session info: chrome=91.0.4472.106),  (Driver info: chromedriver=91.0.4472.101 (af52a90bf87030dd1523486a1cd3ae25c5d76c9b-refs/branch-heads/4472@{#1462}),platform=Windows NT 10.0.19041 x86_64); element not interactable
   {&#34;status&#34;:-1,&#34;state&#34;:&#34;&#34;,&#34;code&#34;:&#34;&#34;,&#34;value&#34;:{&#34;message&#34;:&#34;element not interactable&#34;,&#34;error&#34;:[&#34;  (Session info: chrome=91.0.4472.106)&#34;,&#34;  (Driver info: chromedriver=91.0.4472.101 (af52a90bf87030dd1523486a1cd3ae25c5d76c9b-refs/branch-heads/4472@{#1462}),platform=Windows NT 10.0.19041 x86_64)&#34;]},&#34;errorStatus&#34;:11,&#34;error&#34;:&#34;An element command could not be completed because the element is not visible on the page. – element not interactable&#34;,&#34;httpStatusCode&#34;:200}
       at Object.On incorrect password (D:\Dev\onsenlogin\tests\App.test.js:163:8)
       at runMicrotasks (&lt;anonymous&gt;)
       at processTicksAndRejections (internal/process/task_queues.js:97:5)
    </system-err>
  

    

  
  </testsuite>
</testsuites>
